<?xml version="1.0" encoding="UTF-8"?>
<testng-results ignored="0" total="1" passed="1" failed="0" skipped="0">
  <reporter-output>
  </reporter-output>
  <suite started-at="2022-08-17T17:34:03 IST" name="Default suite" finished-at="2022-08-17T17:34:20 IST" duration-ms="17169">
    <groups>
    </groups>
    <test started-at="2022-08-17T17:34:03 IST" name="Default test" finished-at="2022-08-17T17:34:20 IST" duration-ms="17169">
      <class name="appium.demo.InstallApp">
        <test-method signature="installApp()[pri:0, instance:appium.demo.InstallApp@46cdf8bd]" started-at="2022-08-17T17:34:03 IST" name="installApp" finished-at="2022-08-17T17:34:20 IST" duration-ms="17109" status="PASS">
          <reporter-output>
          </reporter-output>
        </test-method> <!-- installApp -->
      </class> <!-- appium.demo.InstallApp -->
    </test> <!-- Default test -->
  </suite> <!-- Default suite -->
</testng-results>
